  Cliente.cpp
C:\Users\Luciano\source\repos\Laboratorio2\Proyecto Laboratorio 2\SdG-Tienda de electrodomesticos\rlutil.h(580,32): warning C4267: 'inicializando': conversión de 'size_t' a 'unsigned int'; posible pérdida de datos
C:\Users\Luciano\source\repos\Laboratorio2\Proyecto Laboratorio 2\SdG-Tienda de electrodomesticos\Cliente.cpp(96,36): warning C4267: '=': conversión de 'size_t' a 'int'; posible pérdida de datos
C:\Users\Luciano\source\repos\Laboratorio2\Proyecto Laboratorio 2\SdG-Tienda de electrodomesticos\Cliente.cpp(105,7): warning C4101: 'cad': variable local sin referencia
C:\Users\Luciano\source\repos\Laboratorio2\Proyecto Laboratorio 2\SdG-Tienda de electrodomesticos\Cliente.cpp(102,14): warning C4101: 'ingreso': variable local sin referencia
C:\Users\Luciano\source\repos\Laboratorio2\Proyecto Laboratorio 2\SdG-Tienda de electrodomesticos\Cliente.cpp(102,32): warning C4101: 'entero': variable local sin referencia
C:\Users\Luciano\source\repos\Laboratorio2\Proyecto Laboratorio 2\SdG-Tienda de electrodomesticos\Cliente.cpp(223,22): warning C4101: 'numeroReg': variable local sin referencia
  Compra.cpp
C:\Users\Luciano\source\repos\Laboratorio2\Proyecto Laboratorio 2\SdG-Tienda de electrodomesticos\rlutil.h(580,32): warning C4267: 'inicializando': conversión de 'size_t' a 'unsigned int'; posible pérdida de datos
C:\Users\Luciano\source\repos\Laboratorio2\Proyecto Laboratorio 2\SdG-Tienda de electrodomesticos\Compra.cpp(157,36): warning C4267: '=': conversión de 'size_t' a 'int'; posible pérdida de datos
C:\Users\Luciano\source\repos\Laboratorio2\Proyecto Laboratorio 2\SdG-Tienda de electrodomesticos\Compra.cpp(166,7): warning C4101: 'cad': variable local sin referencia
C:\Users\Luciano\source\repos\Laboratorio2\Proyecto Laboratorio 2\SdG-Tienda de electrodomesticos\Compra.cpp(163,14): warning C4101: 'ingreso': variable local sin referencia
C:\Users\Luciano\source\repos\Laboratorio2\Proyecto Laboratorio 2\SdG-Tienda de electrodomesticos\Compra.cpp(163,32): warning C4101: 'entero': variable local sin referencia
C:\Users\Luciano\source\repos\Laboratorio2\Proyecto Laboratorio 2\SdG-Tienda de electrodomesticos\Compra.cpp(276,22): warning C4101: 'numeroReg': variable local sin referencia
  Proveedor.cpp
C:\Users\Luciano\source\repos\Laboratorio2\Proyecto Laboratorio 2\SdG-Tienda de electrodomesticos\rlutil.h(580,32): warning C4267: 'inicializando': conversión de 'size_t' a 'unsigned int'; posible pérdida de datos
C:\Users\Luciano\source\repos\Laboratorio2\Proyecto Laboratorio 2\SdG-Tienda de electrodomesticos\Proveedor.cpp(171,41): warning C4267: '=': conversión de 'size_t' a 'int'; posible pérdida de datos
C:\Users\Luciano\source\repos\Laboratorio2\Proyecto Laboratorio 2\SdG-Tienda de electrodomesticos\Proveedor.cpp(176,10): warning C4101: 'bandera': variable local sin referencia
C:\Users\Luciano\source\repos\Laboratorio2\Proyecto Laboratorio 2\SdG-Tienda de electrodomesticos\Proveedor.cpp(177,17): warning C4101: 'ingreso': variable local sin referencia
C:\Users\Luciano\source\repos\Laboratorio2\Proyecto Laboratorio 2\SdG-Tienda de electrodomesticos\Proveedor.cpp(287,25): warning C4101: 'numeroReg': variable local sin referencia
  Venta.cpp
C:\Users\Luciano\source\repos\Laboratorio2\Proyecto Laboratorio 2\SdG-Tienda de electrodomesticos\rlutil.h(580,32): warning C4267: 'inicializando': conversión de 'size_t' a 'unsigned int'; posible pérdida de datos
C:\Users\Luciano\source\repos\Laboratorio2\Proyecto Laboratorio 2\SdG-Tienda de electrodomesticos\Venta.cpp(358,37): warning C4267: '=': conversión de 'size_t' a 'int'; posible pérdida de datos
C:\Users\Luciano\source\repos\Laboratorio2\Proyecto Laboratorio 2\SdG-Tienda de electrodomesticos\Venta.cpp(546,25): warning C4101: 'numeroReg': variable local sin referencia
  Generando código...
  LINK : no se encontró C:\Users\Luciano\source\repos\Laboratorio2\Proyecto Laboratorio 2\SdG-Tienda de electrodomesticos\x64\Debug\SdG-Tienda de electrodomesticos.exe o no lo generó el último vínculo incremental; ejecutando vínculo completo
  SdG-Tienda de electrodomesticos.vcxproj -> C:\Users\Luciano\source\repos\Laboratorio2\Proyecto Laboratorio 2\SdG-Tienda de electrodomesticos\x64\Debug\SdG-Tienda de electrodomesticos.exe
